<?xml version="1.0" encoding="utf-8"?><testsuites name="pytest tests"><testsuite name="pytest" errors="0" failures="0" skipped="0" tests="20" time="2.249" timestamp="2026-04-24T07:27:08.213810+00:00" hostname="agent-env-4eacdf11-ab88-46ce-8879-12641fed65c3"><testcase classname="tests.backend_test.TestHealth" name="test_root" time="0.190" /><testcase classname="tests.backend_test.TestThemes" name="test_initialize_presets" time="0.053" /><testcase classname="tests.backend_test.TestThemes" name="test_get_active" time="0.063" /><testcase classname="tests.backend_test.TestThemes" name="test_list_themes" time="0.046" /><testcase classname="tests.backend_test.TestThemes" name="test_presets_list" time="0.057" /><testcase classname="tests.backend_test.TestThemes" name="test_auth_required" time="0.044" /><testcase classname="tests.backend_test.TestThemes" name="test_crud_theme" time="0.491" /><testcase classname="tests.backend_test.TestThemes" name="test_cannot_delete_preset" time="0.100" /><testcase classname="tests.backend_test.TestProducts" name="test_initialize" time="0.064" /><testcase classname="tests.backend_test.TestProducts" name="test_list_products" time="0.047" /><testcase classname="tests.backend_test.TestProducts" name="test_create_update_delete" time="0.303" /><testcase classname="tests.backend_test.TestProducts" name="test_create_requires_auth" time="0.044" /><testcase classname="tests.backend_test.TestProducts" name="test_get_nonexistent" time="0.049" /><testcase classname="tests.backend_test.TestHero" name="test_initialize" time="0.049" /><testcase classname="tests.backend_test.TestHero" name="test_list" time="0.050" /><testcase classname="tests.backend_test.TestHero" name="test_crud" time="0.232" /><testcase classname="tests.backend_test.TestHero" name="test_auth" time="0.047" /><testcase classname="tests.backend_test.TestSettings" name="test_get" time="0.045" /><testcase classname="tests.backend_test.TestSettings" name="test_update" time="0.095" /><testcase classname="tests.backend_test.TestSettings" name="test_update_auth" time="0.045" /></testsuite></testsuites>